<?xml version="1.0" encoding="UTF-8"?>
<!-- Generated by org.testng.reporters.JUnitXMLReporter -->
<testsuite ignored="3" hostname="parrot" failures="0" tests="1" name="Surefire test" time="13.263" errors="0" timestamp="2025-01-10T22:20:32 IST">
  <testcase classname="com.zeninbox.SessionTest" name="charverifiertest" time="13.227"/>
  <testcase classname="com.zeninbox.SessionTest" name="SQLinjectionverifiertest" time="0.0">
    <ignored/>
  </testcase> <!-- SQLinjectionverifiertest -->
  <testcase classname="com.zeninbox.SessionTest" name="mailverifiertest" time="0.0">
    <ignored/>
  </testcase> <!-- mailverifiertest -->
  <testcase classname="com.zeninbox.SessionTest" name="SignUp_With_TempEmail" time="0.0">
    <ignored/>
  </testcase> <!-- SignUp_With_TempEmail -->
</testsuite> <!-- Surefire test -->
