<?xml version="1.0" encoding="UTF-8"?>
<testng-results ignored="3" total="4" passed="1" failed="0" skipped="0">
  <reporter-output>
  </reporter-output>
  <suite started-at="2025-01-10T22:20:19 IST" name="Surefire suite" finished-at="2025-01-10T22:20:32 IST" duration-ms="13263">
    <groups>
    </groups>
    <test started-at="2025-01-10T22:20:19 IST" name="Surefire test" finished-at="2025-01-10T22:20:32 IST" duration-ms="13263">
      <class name="com.zeninbox.SessionTest">
        <test-method signature="charverifiertest()[pri:0, instance:com.zeninbox.SessionTest@101df177]" started-at="2025-01-10T22:20:19 IST" name="charverifiertest" finished-at="2025-01-10T22:20:32 IST" duration-ms="13227" status="PASS">
          <reporter-output>
          </reporter-output>
        </test-method> <!-- charverifiertest -->
      </class> <!-- com.zeninbox.SessionTest -->
    </test> <!-- Surefire test -->
  </suite> <!-- Surefire suite -->
</testng-results>
