<?xml version="1.0" encoding="UTF-8"?>
<testng-results ignored="3" total="4" passed="1" failed="0" skipped="0">
  <reporter-output>
  </reporter-output>
  <suite started-at="2024-12-29T15:42:33 IST" name="Surefire suite" finished-at="2024-12-29T15:42:40 IST" duration-ms="7597">
    <groups>
    </groups>
    <test started-at="2024-12-29T15:42:33 IST" name="Surefire test" finished-at="2024-12-29T15:42:40 IST" duration-ms="7597">
      <class name="com.zeninbox.SessionTest">
        <test-method signature="SQLinjectionverifiertest()[pri:0, instance:com.zeninbox.SessionTest@101df177]" started-at="2024-12-29T15:42:33 IST" name="SQLinjectionverifiertest" finished-at="2024-12-29T15:42:40 IST" duration-ms="7575" status="PASS">
          <reporter-output>
          </reporter-output>
        </test-method> <!-- SQLinjectionverifiertest -->
      </class> <!-- com.zeninbox.SessionTest -->
    </test> <!-- Surefire test -->
  </suite> <!-- Surefire suite -->
</testng-results>
